\BOOKMARK [-1][]{part.1}{I The Basics}{}% 1
\BOOKMARK [0][-]{section.0.1}{0.1 The Game}{part.1}% 2
\BOOKMARK [1][-]{section.0.2}{0.2 The Players}{section.0.1}% 3
\BOOKMARK [1][-]{section.0.3}{0.3 The Characters}{section.0.1}% 4
\BOOKMARK [1][-]{section.0.4}{0.4 The Crew}{section.0.1}% 5
\BOOKMARK [1][-]{section.0.5}{0.5 The Game Master}{section.0.1}% 6
\BOOKMARK [1][-]{section.0.6}{0.6 Playing A Session}{section.0.1}% 7
\BOOKMARK [0][-]{chapter.1}{1 The Core System}{part.1}% 8
\BOOKMARK [1][-]{section.1.1}{1.1 Judgment Calls}{chapter.1}% 9
\BOOKMARK [1][-]{section.1.2}{1.2 Rolling the Dice}{chapter.1}% 10
\BOOKMARK [1][-]{section.1.3}{1.3 The Game Structure}{chapter.1}% 11
\BOOKMARK [0][-]{chapter.2}{2 Actions \046 Attributes}{part.1}% 12
\BOOKMARK [1][-]{section.2.1}{2.1 Action Ratings}{chapter.2}% 13
\BOOKMARK [1][-]{section.2.2}{2.2 Action Roll}{chapter.2}% 14
\BOOKMARK [1][-]{section.2.3}{2.3 Attribute Ratings}{chapter.2}% 15
\BOOKMARK [1][-]{section.2.4}{2.4 Resistance Roll}{chapter.2}% 16
\BOOKMARK [1][-]{section.2.5}{2.5 Actions}{chapter.2}% 17
\BOOKMARK [0][-]{chapter.3}{3 Stress \046 Trauma}{part.1}% 18
\BOOKMARK [1][-]{section.3.1}{3.1 Stress}{chapter.3}% 19
\BOOKMARK [1][-]{section.3.2}{3.2 Pushing Yourself}{chapter.3}% 20
\BOOKMARK [1][-]{section.3.3}{3.3 Trauma}{chapter.3}% 21
\BOOKMARK [0][-]{chapter.4}{4 Progress clocks}{part.1}% 22
\BOOKMARK [1][-]{section.4.1}{4.1 Simple Obstacles}{chapter.4}% 23
\BOOKMARK [1][-]{section.4.2}{4.2 Danger Clocks}{chapter.4}% 24
\BOOKMARK [1][-]{section.4.3}{4.3 Racing Clocks}{chapter.4}% 25
\BOOKMARK [1][-]{section.4.4}{4.4 Linked Clocks}{chapter.4}% 26
\BOOKMARK [1][-]{section.4.5}{4.5 Mission Clocks}{chapter.4}% 27
\BOOKMARK [1][-]{section.4.6}{4.6 Tug-of-war Clocks}{chapter.4}% 28
\BOOKMARK [1][-]{section.4.7}{4.7 Long-term Project}{chapter.4}% 29
\BOOKMARK [1][-]{section.4.8}{4.8 Faction Clocks}{chapter.4}% 30
\BOOKMARK [0][-]{chapter.5}{5 Action Roll}{part.1}% 31
\BOOKMARK [1][-]{section.5.1}{5.1 1. The Player States Their Goal}{chapter.5}% 32
\BOOKMARK [1][-]{section.5.2}{5.2 2. The Player Chooses the Action Rating}{chapter.5}% 33
\BOOKMARK [1][-]{section.5.3}{5.3 3. The GM Sets the Position}{chapter.5}% 34
\BOOKMARK [1][-]{section.5.4}{5.4 4. The GM Sets the Effect Level}{chapter.5}% 35
\BOOKMARK [1][-]{section.5.5}{5.5 5. Add Bonus Dice}{chapter.5}% 36
\BOOKMARK [1][-]{section.5.6}{5.6 6. Roll the Dice and Judge the Result}{chapter.5}% 37
\BOOKMARK [1][-]{section.5.7}{5.7 Action Roll Summary}{chapter.5}% 38
\BOOKMARK [1][-]{section.5.8}{5.8 Double-duty Rolls}{chapter.5}% 39
\BOOKMARK [0][-]{chapter.6}{6 Effect}{part.1}% 40
\BOOKMARK [1][-]{section.6.1}{6.1 Assessing Factors}{chapter.6}% 41
\BOOKMARK [1][-]{section.6.2}{6.2 Trading Position for Effect}{chapter.6}% 42
\BOOKMARK [1][-]{section.6.3}{6.3 Consequences}{chapter.6}% 43
\BOOKMARK [0][-]{chapter.7}{7 Setting Position \046 Effect}{part.1}% 44
\BOOKMARK [0][-]{chapter.8}{8 Consequences and Harm}{part.1}% 45
\BOOKMARK [1][-]{section.8.1}{8.1 Reduced Effect}{chapter.8}% 46
\BOOKMARK [1][-]{section.8.2}{8.2 Complication}{chapter.8}% 47
\BOOKMARK [1][-]{section.8.3}{8.3 Lost Opportunity}{chapter.8}% 48
\BOOKMARK [1][-]{section.8.4}{8.4 Worse Position}{chapter.8}% 49
\BOOKMARK [1][-]{section.8.5}{8.5 Harm}{chapter.8}% 50
\BOOKMARK [0][-]{chapter.9}{9 Resistance \046 Armor}{part.1}% 51
\BOOKMARK [1][-]{section.9.1}{9.1 Armor}{chapter.9}% 52
\BOOKMARK [1][-]{section.9.2}{9.2 Death}{chapter.9}% 53
\BOOKMARK [0][-]{chapter.10}{10 Fortune Roll}{part.1}% 54
\BOOKMARK [0][-]{chapter.11}{11 Gathering Information}{part.1}% 55
\BOOKMARK [1][-]{section.11.1}{11.1 Investigation}{chapter.11}% 56
\BOOKMARK [1][-]{section.11.2}{11.2 Examples \046 Questions}{chapter.11}% 57
\BOOKMARK [0][-]{chapter.12}{12 Coin and Stash}{part.1}% 58
\BOOKMARK [1][-]{section.12.1}{12.1 Coin}{chapter.12}% 59
\BOOKMARK [1][-]{section.12.2}{12.2 Stash \046 Retirement}{chapter.12}% 60
\BOOKMARK [0][-]{chapter.13}{13 The Faction Game}{part.1}% 61
\BOOKMARK [1][-]{section.13.1}{13.1 Tier}{chapter.13}% 62
\BOOKMARK [1][-]{section.13.2}{13.2 Hold}{chapter.13}% 63
\BOOKMARK [1][-]{section.13.3}{13.3 Development}{chapter.13}% 64
\BOOKMARK [1][-]{section.13.4}{13.4 Turf}{chapter.13}% 65
\BOOKMARK [1][-]{section.13.5}{13.5 Faction Status}{chapter.13}% 66
\BOOKMARK [1][-]{section.13.6}{13.6 Claims}{chapter.13}% 67
\BOOKMARK [0][-]{chapter.14}{14 Advancement}{part.1}% 68
\BOOKMARK [1][-]{section.14.1}{14.1 PC Advancement}{chapter.14}% 69
\BOOKMARK [1][-]{section.14.2}{14.2 Crew Advancement}{chapter.14}% 70
\BOOKMARK [-1][]{part.2}{II The Characters}{}% 71
\BOOKMARK [0][-]{chapter.15}{15 Characters}{part.2}% 72
\BOOKMARK [0][-]{chapter.16}{16 Character creation}{part.2}% 73
\BOOKMARK [1][-]{section.16.1}{16.1 Create playbooks}{chapter.16}% 74
\BOOKMARK [1][-]{section.16.2}{16.2 Choose a heritage}{chapter.16}% 75
\BOOKMARK [1][-]{section.16.3}{16.3 Choose a background}{chapter.16}% 76
\BOOKMARK [1][-]{section.16.4}{16.4 Assign four action dots}{chapter.16}% 77
\BOOKMARK [1][-]{section.16.5}{16.5 Choose a special ability}{chapter.16}% 78
\BOOKMARK [1][-]{section.16.6}{16.6 Choose one close friend and one rival}{chapter.16}% 79
\BOOKMARK [1][-]{section.16.7}{16.7 Choose your vice}{chapter.16}% 80
\BOOKMARK [1][-]{section.16.8}{16.8 Record your name, alias, \046 look}{chapter.16}% 81
\BOOKMARK [1][-]{section.16.9}{16.9 Review your details}{chapter.16}% 82
\BOOKMARK [1][-]{section.16.10}{16.10 Character creation summary}{chapter.16}% 83
\BOOKMARK [1][-]{section.16.11}{16.11 Loadout}{chapter.16}% 84
\BOOKMARK [0][-]{chapter.17}{17 Character playbook}{part.2}% 85
\BOOKMARK [1][-]{section.17.1}{17.1 Short Descriptor of Character}{chapter.17}% 86
\BOOKMARK [1][-]{section.17.2}{17.2 Starting builds}{chapter.17}% 87
\BOOKMARK [1][-]{section.17.3}{17.3 Friends, rivals}{chapter.17}% 88
\BOOKMARK [1][-]{section.17.4}{17.4 Special abilities}{chapter.17}% 89
\BOOKMARK [1][-]{section.17.5}{17.5 Fortitude}{chapter.17}% 90
\BOOKMARK [1][-]{section.17.6}{17.6 Character items}{chapter.17}% 91
\BOOKMARK [-1][]{part.3}{III The Crew}{}% 92
\BOOKMARK [0][-]{chapter.18}{18 Crew creation}{part.3}% 93
\BOOKMARK [1][-]{section.18.1}{18.1 Choose a crew type}{chapter.18}% 94
\BOOKMARK [1][-]{section.18.2}{18.2 Choose an initial reputation \046 lair}{chapter.18}% 95
\BOOKMARK [1][-]{section.18.3}{18.3 Establish your hunting grounds}{chapter.18}% 96
\BOOKMARK [1][-]{section.18.4}{18.4 Choose a special ability}{chapter.18}% 97
\BOOKMARK [1][-]{section.18.5}{18.5 Assign crew upgrades}{chapter.18}% 98
\BOOKMARK [1][-]{section.18.6}{18.6 Choose a favorite contact}{chapter.18}% 99
\BOOKMARK [1][-]{section.18.7}{18.7 Crew upgrade Examples}{chapter.18}% 100
\BOOKMARK [1][-]{section.18.8}{18.8 Cohorts}{chapter.18}% 101
\BOOKMARK [1][-]{section.18.9}{18.9 Cohort harm \046 Healing}{chapter.18}% 102
\BOOKMARK [1][-]{section.18.10}{18.10 Crew creation summary}{chapter.18}% 103
\BOOKMARK [0][-]{chapter.19}{19 Crew playbook}{part.3}% 104
\BOOKMARK [1][-]{section.19.1}{19.1 Starting upgrades}{chapter.19}% 105
\BOOKMARK [1][-]{section.19.2}{19.2 Favored Operations}{chapter.19}% 106
\BOOKMARK [1][-]{section.19.3}{19.3 Contacts}{chapter.19}% 107
\BOOKMARK [1][-]{section.19.4}{19.4 Crew upgrades}{chapter.19}% 108
\BOOKMARK [1][-]{section.19.5}{19.5 Crew special abilities}{chapter.19}% 109
\BOOKMARK [-1][]{part.4}{IV The Score}{}% 110
\BOOKMARK [0][-]{chapter.20}{20 Planning \046 engagement}{part.4}% 111
\BOOKMARK [1][-]{section.20.1}{20.1 The Detail}{chapter.20}% 112
\BOOKMARK [1][-]{section.20.2}{20.2 Item Loadouts}{chapter.20}% 113
\BOOKMARK [1][-]{section.20.3}{20.3 Engagement Roll}{chapter.20}% 114
\BOOKMARK [1][-]{section.20.4}{20.4 Linked Plans}{chapter.20}% 115
\BOOKMARK [1][-]{section.20.5}{20.5 Flashbacks}{chapter.20}% 116
\BOOKMARK [1][-]{section.20.6}{20.6 Giving up on a score}{chapter.20}% 117
\BOOKMARK [0][-]{chapter.21}{21 Teamwork}{part.4}% 118
\BOOKMARK [1][-]{section.21.1}{21.1 Teamwork}{chapter.21}% 119
\BOOKMARK [1][-]{section.21.2}{21.2 Do We Have to Use Teamwork?}{chapter.21}% 120
\BOOKMARK [-1][]{part.5}{V Downtime}{}% 121
\BOOKMARK [0][-]{chapter.22}{22 Payoff}{part.5}% 122
\BOOKMARK [0][-]{chapter.23}{23 Heat}{part.5}% 123
\BOOKMARK [1][-]{section.23.1}{23.1 Incarceration}{chapter.23}% 124
\BOOKMARK [1][-]{section.23.2}{23.2 Prison claims}{chapter.23}% 125
\BOOKMARK [0][-]{chapter.24}{24 Entanglements}{part.5}% 126
\BOOKMARK [1][-]{section.24.1}{24.1 Arrest}{chapter.24}% 127
\BOOKMARK [1][-]{section.24.2}{24.2 Cooperation}{chapter.24}% 128
\BOOKMARK [1][-]{section.24.3}{24.3 Demonic notice}{chapter.24}% 129
\BOOKMARK [1][-]{section.24.4}{24.4 Flipped}{chapter.24}% 130
\BOOKMARK [1][-]{section.24.5}{24.5 Gang trouble}{chapter.24}% 131
\BOOKMARK [1][-]{section.24.6}{24.6 Interrogation}{chapter.24}% 132
\BOOKMARK [1][-]{section.24.7}{24.7 Questioning}{chapter.24}% 133
\BOOKMARK [1][-]{section.24.8}{24.8 Reprisals}{chapter.24}% 134
\BOOKMARK [1][-]{section.24.9}{24.9 Rivals}{chapter.24}% 135
\BOOKMARK [1][-]{section.24.10}{24.10 Show of force}{chapter.24}% 136
\BOOKMARK [1][-]{section.24.11}{24.11 Unquiet dead}{chapter.24}% 137
\BOOKMARK [1][-]{section.24.12}{24.12 The usual suspects}{chapter.24}% 138
\BOOKMARK [0][-]{chapter.25}{25 Downtime activities}{part.5}% 139
\BOOKMARK [1][-]{section.25.1}{25.1 Acquire asset}{chapter.25}% 140
\BOOKMARK [1][-]{section.25.2}{25.2 Long-term project}{chapter.25}% 141
\BOOKMARK [1][-]{section.25.3}{25.3 Recover}{chapter.25}% 142
\BOOKMARK [1][-]{section.25.4}{25.4 Reduce heat}{chapter.25}% 143
\BOOKMARK [1][-]{section.25.5}{25.5 Train}{chapter.25}% 144
\BOOKMARK [1][-]{section.25.6}{25.6 Indulge vice}{chapter.25}% 145
\BOOKMARK [0][-]{chapter.26}{26 Vice}{part.5}% 146
\BOOKMARK [1][-]{section.26.1}{26.1 Stress Relief}{chapter.26}% 147
\BOOKMARK [1][-]{section.26.2}{26.2 Indulging Your Vice}{chapter.26}% 148
\BOOKMARK [0][-]{chapter.27}{27 Downtime Activities in Play}{part.5}% 149
\BOOKMARK [1][-]{section.27.1}{27.1 NPC \046 faction downtime}{chapter.27}% 150
\BOOKMARK [1][-]{section.27.2}{27.2 Downtime Activities Summary}{chapter.27}% 151
\BOOKMARK [0][-]{chapter.28}{28 Magnitude}{part.5}% 152
\BOOKMARK [0][-]{chapter.29}{29 Rituals}{part.5}% 153
\BOOKMARK [1][-]{section.29.1}{29.1 Finding a ritual source}{chapter.29}% 154
\BOOKMARK [1][-]{section.29.2}{29.2 Learning a ritual}{chapter.29}% 155
\BOOKMARK [1][-]{section.29.3}{29.3 Performing a Ritual}{chapter.29}% 156
\BOOKMARK [0][-]{chapter.30}{30 Crafting}{part.5}% 157
\BOOKMARK [1][-]{section.30.1}{30.1 Inventing}{chapter.30}% 158
\BOOKMARK [1][-]{section.30.2}{30.2 Crafting}{chapter.30}% 159
